# JRE version: OpenJDK Runtime Environment (11.0.11+9) (build 11.0.11+9-Ubuntu-0ubuntu2.18.04)
# Java VM: OpenJDK 64-Bit Server VM (11.0.11+9-Ubuntu-0ubuntu2.18.04, mixed mode, sharing, tiered, compressed oops, g1 gc, linux-amd64)
Heap:
 garbage-first heap   total 57344K, used 18095K [0x000000021f800000, 0x0000000800000000)
  region size 4096K, 3 young (12288K), 1 survivors (4096K)
 Metaspace       used 10967K, capacity 12162K, committed 12416K, reserved 1060864K
  class space    used 1388K, capacity 1607K, committed 1664K, reserved 1048576K
GC Heap History (16 events):
Event: 0.130 GC heap before
{Heap before GC invocations=0 (full 0):
 garbage-first heap   total 1552384K, used 13000K [0x000000021f800000, 0x0000000800000000)
  region size 4096K, 4 young (16384K), 0 survivors (0K)
 Metaspace       used 1439K, capacity 4690K, committed 4864K, reserved 1056768K
  class space    used 118K, capacity 433K, committed 512K, reserved 1048576K
}
Event: 0.135 GC heap after
{Heap after GC invocations=1 (full 1):
 garbage-first heap   total 81920K, used 4095K [0x000000021f800000, 0x0000000800000000)
  region size 4096K, 0 young (0K), 0 survivors (0K)
 Metaspace       used 1439K, capacity 4690K, committed 4864K, reserved 1056768K
  class space    used 118K, capacity 433K, committed 512K, reserved 1048576K
}
Event: 0.243 GC heap before
{Heap before GC invocations=1 (full 1):
 garbage-first heap   total 81920K, used 28671K [0x000000021f800000, 0x0000000800000000)
  region size 4096K, 6 young (24576K), 0 survivors (0K)
 Metaspace       used 2214K, capacity 4882K, committed 5120K, reserved 1056768K
  class space    used 182K, capacity 450K, committed 512K, reserved 1048576K
}
Event: 0.245 GC heap after
{Heap after GC invocations=2 (full 1):
 garbage-first heap   total 81920K, used 6474K [0x000000021f800000, 0x0000000800000000)
  region size 4096K, 1 young (4096K), 1 survivors (4096K)
 Metaspace       used 2214K, capacity 4882K, committed 5120K, reserved 1056768K
  class space    used 182K, capacity 450K, committed 512K, reserved 1048576K
}
Event: 0.282 GC heap before
{Heap before GC invocations=2 (full 1):
 garbage-first heap   total 81920K, used 22858K [0x000000021f800000, 0x0000000800000000)
  region size 4096K, 6 young (24576K), 1 survivors (4096K)
 Metaspace       used 2269K, capacity 4883K, committed 5120K, reserved 1056768K
  class space    used 183K, capacity 450K, committed 512K, reserved 1048576K
}
Event: 0.297 GC heap after
{Heap after GC invocations=3 (full 2):
 garbage-first heap   total 69632K, used 8222K [0x000000021f800000, 0x0000000800000000)
  region size 4096K, 0 young (0K), 0 survivors (0K)
 Metaspace       used 2269K, capacity 4883K, committed 5120K, reserved 1056768K
  class space    used 183K, capacity 450K, committed 512K, reserved 1048576K
}
Event: 0.341 GC heap before
{Heap before GC invocations=3 (full 2):
 garbage-first heap   total 69632K, used 8222K [0x000000021f800000, 0x0000000800000000)
  region size 4096K, 1 young (4096K), 0 survivors (0K)
 Metaspace       used 2277K, capacity 4883K, committed 5120K, reserved 1056768K
  class space    used 183K, capacity 450K, committed 512K, reserved 1048576K
}
Event: 0.366 GC heap after
{Heap after GC invocations=4 (full 3):
 garbage-first heap   total 57344K, used 8222K [0x000000021f800000, 0x0000000800000000)
  region size 4096K, 0 young (0K), 0 survivors (0K)
 Metaspace       used 2277K, capacity 4883K, committed 5120K, reserved 1056768K
  class space    used 183K, capacity 450K, committed 512K, reserved 1048576K
}
Event: 0.822 GC heap before
{Heap before GC invocations=4 (full 3):
 garbage-first heap   total 57344K, used 28702K [0x000000021f800000, 0x0000000800000000)
  region size 4096K, 5 young (20480K), 0 survivors (0K)
 Metaspace       used 4364K, capacity 6125K, committed 6400K, reserved 1056768K
  class space    used 439K, capacity 696K, committed 768K, reserved 1048576K
}
Event: 0.826 GC heap after
{Heap after GC invocations=5 (full 3):
 garbage-first heap   total 57344K, used 13629K [0x000000021f800000, 0x0000000800000000)
  region size 4096K, 1 young (4096K), 1 survivors (4096K)
 Metaspace       used 4364K, capacity 6125K, committed 6400K, reserved 1056768K
  class space    used 439K, capacity 696K, committed 768K, reserved 1048576K
}
Event: 0.864 GC heap before
{Heap before GC invocations=5 (full 3):
 garbage-first heap   total 57344K, used 13629K [0x000000021f800000, 0x0000000800000000)
  region size 4096K, 2 young (8192K), 1 survivors (4096K)
 Metaspace       used 4385K, capacity 6125K, committed 6400K, reserved 1056768K
  class space    used 439K, capacity 696K, committed 768K, reserved 1048576K
}
Event: 0.894 GC heap after
{Heap after GC invocations=6 (full 4):
 garbage-first heap   total 57344K, used 11607K [0x000000021f800000, 0x0000000800000000)
  region size 4096K, 0 young (0K), 0 survivors (0K)
 Metaspace       used 4385K, capacity 6125K, committed 6400K, reserved 1056768K
  class space    used 439K, capacity 696K, committed 768K, reserved 1048576K
}
Event: 0.934 GC heap before
{Heap before GC invocations=6 (full 4):
 garbage-first heap   total 57344K, used 11607K [0x000000021f800000, 0x0000000800000000)
  region size 4096K, 1 young (4096K), 0 survivors (0K)
 Metaspace       used 4410K, capacity 6125K, committed 6400K, reserved 1056768K
  class space    used 439K, capacity 696K, committed 768K, reserved 1048576K
}
Event: 0.966 GC heap after
{Heap after GC invocations=7 (full 5):
 garbage-first heap   total 57344K, used 11504K [0x000000021f800000, 0x0000000800000000)
  region size 4096K, 0 young (0K), 0 survivors (0K)
 Metaspace       used 4410K, capacity 6125K, committed 6400K, reserved 1056768K
  class space    used 439K, capacity 696K, committed 768K, reserved 1048576K
}
Event: 1.140 GC heap before
{Heap before GC invocations=7 (full 5):
 garbage-first heap   total 57344K, used 23792K [0x000000021f800000, 0x0000000800000000)
  region size 4096K, 4 young (16384K), 0 survivors (0K)
 Metaspace       used 9786K, capacity 11043K, committed 11392K, reserved 1058816K
  class space    used 1193K, capacity 1401K, committed 1408K, reserved 1048576K
}
Event: 1.142 GC heap after
{Heap after GC invocations=8 (full 5):
 garbage-first heap   total 57344K, used 13999K [0x000000021f800000, 0x0000000800000000)
  region size 4096K, 1 young (4096K), 1 survivors (4096K)
 Metaspace       used 9786K, capacity 11043K, committed 11392K, reserved 1058816K
  class space    used 1193K, capacity 1401K, committed 1408K, reserved 1048576K
}

